<?xml version="1.0" encoding="UTF-8"?>
<testng-results skipped="0" failed="0" ignored="0" total="1" passed="1">
  <reporter-output>
  </reporter-output>
  <suite name="Default suite" duration-ms="12930" started-at="2019-01-19T17:26:33Z" finished-at="2019-01-19T17:26:46Z">
    <groups>
    </groups>
    <test name="Default test" duration-ms="12930" started-at="2019-01-19T17:26:33Z" finished-at="2019-01-19T17:26:46Z">
      <class name="Test.TestFileOpen">
        <test-method status="PASS" signature="test()[pri:0, instance:Test.TestFileOpen@647fd8ce]" name="test" duration-ms="12363" started-at="2019-01-19T17:26:34Z" finished-at="2019-01-19T17:26:46Z">
          <reporter-output>
          </reporter-output>
        </test-method> <!-- test -->
      </class> <!-- Test.TestFileOpen -->
    </test> <!-- Default test -->
  </suite> <!-- Default suite -->
</testng-results>
